<?xml version="1.0" encoding="UTF-8"?>
<!-- Generated by org.testng.reporters.JUnitXMLReporter -->
<testsuite hostname="DESKTOP-C49BECE" failures="0" tests="3" name="Test" time="16.565" errors="0" timestamp="20 Oct 2021 20:05:42 GMT">
  <testcase classname="Cegedim.codility.login" name="emptyFields" time="0.651"/>
  <testcase classname="Cegedim.codility.login" name="nagitiveLogin" time="2.832"/>
  <testcase classname="Cegedim.codility.login" name="positiveLogin" time="2.613"/>
</testsuite> <!-- Test -->
