<?xml version="1.0" encoding="UTF-8"?>
<testng-results total="3" passed="3" failed="0" skipped="0">
  <reporter-output>
  </reporter-output>
  <suite started-at="2021-10-20T20:05:25Z" name="Suite" finished-at="2021-10-20T20:05:42Z" duration-ms="16565">
    <groups>
    </groups>
    <test started-at="2021-10-20T20:05:25Z" name="Test" finished-at="2021-10-20T20:05:42Z" duration-ms="16565">
      <class name="Cegedim.codility.login">
        <test-method is-config="true" signature="initalizeDriver()[pri:0, instance:Cegedim.codility.login@5829e4f4]" started-at="2021-10-21T00:05:25Z" name="initalizeDriver" finished-at="2021-10-21T00:05:34Z" duration-ms="9319" status="PASS">
          <reporter-output>
          </reporter-output>
        </test-method> <!-- initalizeDriver -->
        <test-method signature="emptyFields(java.lang.String, java.lang.String)[pri:0, instance:Cegedim.codility.login@5829e4f4]" started-at="2021-10-21T00:05:34Z" name="emptyFields" data-provider="getEmptyData" finished-at="2021-10-21T00:05:35Z" duration-ms="651" status="PASS">
          <params>
            <param index="0">
              <value>
                <![CDATA[]]>
              </value>
            </param>
            <param index="1">
              <value>
                <![CDATA[]]>
              </value>
            </param>
          </params>
          <reporter-output>
          </reporter-output>
        </test-method> <!-- emptyFields -->
        <test-method signature="nagitiveLogin(java.lang.String, java.lang.String)[pri:0, instance:Cegedim.codility.login@5829e4f4]" started-at="2021-10-21T00:05:35Z" name="nagitiveLogin" data-provider="getNagitiveData" finished-at="2021-10-21T00:05:38Z" duration-ms="2832" status="PASS">
          <params>
            <param index="0">
              <value>
                <![CDATA[failed@codility.com]]>
              </value>
            </param>
            <param index="1">
              <value>
                <![CDATA[123456]]>
              </value>
            </param>
          </params>
          <reporter-output>
          </reporter-output>
        </test-method> <!-- nagitiveLogin -->
        <test-method signature="positiveLogin(java.lang.String, java.lang.String)[pri:0, instance:Cegedim.codility.login@5829e4f4]" started-at="2021-10-21T00:05:38Z" name="positiveLogin" data-provider="getPositiveData" finished-at="2021-10-21T00:05:41Z" duration-ms="2613" status="PASS">
          <params>
            <param index="0">
              <value>
                <![CDATA[success@codility.com]]>
              </value>
            </param>
            <param index="1">
              <value>
                <![CDATA[123456]]>
              </value>
            </param>
          </params>
          <reporter-output>
          </reporter-output>
        </test-method> <!-- positiveLogin -->
        <test-method is-config="true" signature="closeBrowserWindows()[pri:0, instance:Cegedim.codility.login@5829e4f4]" started-at="2021-10-21T00:05:41Z" name="closeBrowserWindows" finished-at="2021-10-21T00:05:42Z" duration-ms="149" status="PASS">
          <reporter-output>
          </reporter-output>
        </test-method> <!-- closeBrowserWindows -->
      </class> <!-- Cegedim.codility.login -->
    </test> <!-- Test -->
  </suite> <!-- Suite -->
</testng-results>
